<?xml version="1.0" encoding="UTF-8"?>
<!-- Generated by org.testng.reporters.JUnitXMLReporter -->
<testsuite hostname="LAPTOP-1TIQ5CFJ" name="Test" tests="15" failures="0" timestamp="8 Apr 2024 00:15:48 GMT" time="625.577" errors="0">
  <testcase name="Quiz" time="24.996" classname="org.loc.Testng"/>
  <testcase name="shop1" time="24.051" classname="org.loc.Testng"/>
  <testcase name="shop2" time="23.867" classname="org.loc.Testng"/>
  <testcase name="shop3" time="24.291" classname="org.loc.Testng"/>
  <testcase name="shop4" time="24.447" classname="org.loc.Testng"/>
  <testcase name="shop5" time="24.569" classname="org.loc.Testng"/>
  <testcase name="shop6" time="47.752" classname="org.loc.Testng"/>
  <testcase name="addtoCart" time="28.345" classname="org.loc.Testng"/>
  <testcase name="tc2" time="49.042" classname="org.loc.Testng"/>
  <testcase name="tc2" time="48.303" classname="org.loc.Testng"/>
  <testcase name="tc2" time="51.286" classname="org.loc.Testng"/>
  <testcase name="tc2" time="49.298" classname="org.loc.Testng"/>
  <testcase name="tc3" time="71.948" classname="org.loc.Testng"/>
  <testcase name="checkHelp" time="48.615" classname="org.loc.StorePojoTest"/>
  <testcase name="findStore" time="25.168" classname="org.loc.StorePojoTest"/>
</testsuite> <!-- Test -->
